This file contains any messages produced by compilers while
running configure, to aid debugging if configure makes a mistake.

It was created by ng-spice-rework configure 17, which was
generated by GNU Autoconf 2.59.  Invocation command line was

  $ ./configure --enable-debug --prefix=/scratch/installParser --with-readline=no --with-editline=no/

## --------- ##
## Platform. ##
## --------- ##

hostname = duparc
uname -m = i686
uname -r = 2.6.10-1.771_FC2
uname -s = Linux
uname -v = #1 Mon Mar 28 00:50:14 EST 2005

/usr/bin/uname -p = unknown
/bin/uname -X     = unknown

/bin/arch              = i686
/usr/bin/arch -k       = unknown
/usr/convex/getsysinfo = unknown
hostinfo               = unknown
/bin/machine           = unknown
/usr/bin/oslevel       = unknown
/bin/universe          = unknown

PATH: /usr/kerberos/bin
PATH: /usr/local/bin
PATH: /usr/bin
PATH: /bin
PATH: /usr/X11R6/bin


## ----------- ##
## Core tests. ##
## ----------- ##

configure:1608: checking for a BSD-compatible install
configure:1663: result: /usr/bin/install -c
configure:1674: checking whether build environment is sane
configure:1717: result: yes
configure:1741: WARNING: `missing' script is too old or missing
configure:1782: checking for gawk
configure:1798: found /usr/bin/gawk
configure:1808: result: gawk
configure:1818: checking whether make sets $(MAKE)
configure:1838: result: yes
configure:2218: checking whether .gobal keyword has been enabled
configure:2233: result: no
configure:2238: checking whether to enable maintainer-specific portions of Makefiles
configure:2247: result: no
configure:2312: checking for gcc
configure:2328: found /usr/bin/gcc
configure:2338: result: gcc
configure:2582: checking for C compiler version
configure:2585: gcc --version </dev/null >&5
gcc (GCC) 3.3.3 20040412 (Red Hat Linux 3.3.3-7)
Copyright (C) 2003 Free Software Foundation, Inc.
This is free software; see the source for copying conditions.  There is NO
warranty; not even for MERCHANTABILITY or FITNESS FOR A PARTICULAR PURPOSE.

configure:2588: $? = 0
configure:2590: gcc -v </dev/null >&5
Reading specs from /usr/lib/gcc-lib/i386-redhat-linux/3.3.3/specs
Configured with: ../configure --prefix=/usr --mandir=/usr/share/man --infodir=/usr/share/info --enable-shared --enable-threads=posix --disable-checking --disable-libunwind-exceptions --with-system-zlib --enable-__cxa_atexit --host=i386-redhat-linux
Thread model: posix
gcc version 3.3.3 20040412 (Red Hat Linux 3.3.3-7)
configure:2593: $? = 0
configure:2595: gcc -V </dev/null >&5
gcc: `-V' option must have argument
configure:2598: $? = 1
configure:2621: checking for C compiler default output file name
configure:2624: gcc    conftest.c  >&5
configure:2627: $? = 0
configure:2673: result: a.out
configure:2678: checking whether the C compiler works
configure:2684: ./a.out
configure:2687: $? = 0
configure:2704: result: yes
configure:2711: checking whether we are cross compiling
configure:2713: result: no
configure:2716: checking for suffix of executables
configure:2718: gcc -o conftest    conftest.c  >&5
configure:2721: $? = 0
configure:2746: result: 
configure:2752: checking for suffix of object files
configure:2773: gcc -c   conftest.c >&5
configure:2776: $? = 0
configure:2798: result: o
configure:2802: checking whether we are using the GNU C compiler
configure:2826: gcc -c   conftest.c >&5
configure:2832: $? = 0
configure:2835: test -z 			 || test ! -s conftest.err
configure:2838: $? = 0
configure:2841: test -s conftest.o
configure:2844: $? = 0
configure:2857: result: yes
configure:2863: checking whether gcc accepts -g
configure:2884: gcc -c -g  conftest.c >&5
configure:2890: $? = 0
configure:2893: test -z 			 || test ! -s conftest.err
configure:2896: $? = 0
configure:2899: test -s conftest.o
configure:2902: $? = 0
configure:2913: result: yes
configure:2930: checking for gcc option to accept ANSI C
configure:3000: gcc  -c -g -O2  conftest.c >&5
configure:3006: $? = 0
configure:3009: test -z 			 || test ! -s conftest.err
configure:3012: $? = 0
configure:3015: test -s conftest.o
configure:3018: $? = 0
configure:3036: result: none needed
configure:3054: gcc -c -g -O2  conftest.c >&5
conftest.c:2: error: syntax error before "me"
configure:3060: $? = 1
configure: failed program was:
| #ifndef __cplusplus
|   choke me
| #endif
configure:3201: checking for style of include used by make
configure:3229: result: GNU
configure:3257: checking dependency style of gcc
configure:3347: result: gcc3
configure:3387: checking how to run the C preprocessor
configure:3422: gcc -E  conftest.c
configure:3428: $? = 0
configure:3460: gcc -E  conftest.c
conftest.c:11:28: ac_nonexistent.h: No such file or directory
configure:3466: $? = 1
configure: failed program was:
| /* confdefs.h.  */
| 
| #define PACKAGE_NAME "ng-spice-rework"
| #define PACKAGE_TARNAME "ng-spice-rework"
| #define PACKAGE_VERSION "17"
| #define PACKAGE_STRING "ng-spice-rework 17"
| #define PACKAGE_BUGREPORT "ngspice-bugs@lists.sourceforge.net"
| #define PACKAGE "ng-spice-rework"
| #define VERSION "17"
| /* end confdefs.h.  */
| #include <ac_nonexistent.h>
configure:3505: result: gcc -E
configure:3529: gcc -E  conftest.c
configure:3535: $? = 0
configure:3567: gcc -E  conftest.c
conftest.c:11:28: ac_nonexistent.h: No such file or directory
configure:3573: $? = 1
configure: failed program was:
| /* confdefs.h.  */
| 
| #define PACKAGE_NAME "ng-spice-rework"
| #define PACKAGE_TARNAME "ng-spice-rework"
| #define PACKAGE_VERSION "17"
| #define PACKAGE_STRING "ng-spice-rework 17"
| #define PACKAGE_BUGREPORT "ngspice-bugs@lists.sourceforge.net"
| #define PACKAGE "ng-spice-rework"
| #define VERSION "17"
| /* end confdefs.h.  */
| #include <ac_nonexistent.h>
configure:3617: checking for egrep
configure:3627: result: grep -E
configure:3632: checking for ANSI C header files
configure:3657: gcc -c -g -O2 -Wall   conftest.c >&5
configure:3663: $? = 0
configure:3666: test -z 			 || test ! -s conftest.err
configure:3669: $? = 0
configure:3672: test -s conftest.o
configure:3675: $? = 0
configure:3761: gcc -o conftest -g -O2 -Wall    conftest.c  >&5
conftest.c: In function `main':
conftest.c:28: warning: implicit declaration of function `exit'
configure:3764: $? = 0
configure:3766: ./conftest
configure:3769: $? = 0
configure:3784: result: yes
configure:4653: checking build system type
configure:4671: result: i686-pc-linux-gnu
configure:4679: checking host system type
configure:4693: result: i686-pc-linux-gnu
configure:4778: checking for a sed that does not truncate output
configure:4832: result: /bin/sed
configure:4846: checking for ld used by gcc
configure:4913: result: /usr/bin/ld
configure:4922: checking if the linker (/usr/bin/ld) is GNU ld
configure:4937: result: yes
configure:4942: checking for /usr/bin/ld option to reload object files
configure:4949: result: -r
configure:4958: checking for BSD-compatible nm
configure:5000: result: /usr/bin/nm -B
configure:5004: checking whether ln -s works
configure:5008: result: yes
configure:5015: checking how to recognise dependent libraries
configure:5189: result: pass_all
configure:5410: checking for sys/types.h
configure:5426: gcc -c -g -O2 -Wall   conftest.c >&5
configure:5432: $? = 0
configure:5435: test -z 			 || test ! -s conftest.err
configure:5438: $? = 0
configure:5441: test -s conftest.o
configure:5444: $? = 0
configure:5455: result: yes
configure:5410: checking for sys/stat.h
configure:5426: gcc -c -g -O2 -Wall   conftest.c >&5
configure:5432: $? = 0
configure:5435: test -z 			 || test ! -s conftest.err
configure:5438: $? = 0
configure:5441: test -s conftest.o
configure:5444: $? = 0
configure:5455: result: yes
configure:5410: checking for stdlib.h
configure:5426: gcc -c -g -O2 -Wall   conftest.c >&5
configure:5432: $? = 0
configure:5435: test -z 			 || test ! -s conftest.err
configure:5438: $? = 0
configure:5441: test -s conftest.o
configure:5444: $? = 0
configure:5455: result: yes
configure:5410: checking for string.h
configure:5426: gcc -c -g -O2 -Wall   conftest.c >&5
configure:5432: $? = 0
configure:5435: test -z 			 || test ! -s conftest.err
configure:5438: $? = 0
configure:5441: test -s conftest.o
configure:5444: $? = 0
configure:5455: result: yes
configure:5410: checking for memory.h
configure:5426: gcc -c -g -O2 -Wall   conftest.c >&5
configure:5432: $? = 0
configure:5435: test -z 			 || test ! -s conftest.err
configure:5438: $? = 0
configure:5441: test -s conftest.o
configure:5444: $? = 0
configure:5455: result: yes
configure:5410: checking for strings.h
configure:5426: gcc -c -g -O2 -Wall   conftest.c >&5
configure:5432: $? = 0
configure:5435: test -z 			 || test ! -s conftest.err
configure:5438: $? = 0
configure:5441: test -s conftest.o
configure:5444: $? = 0
configure:5455: result: yes
configure:5410: checking for inttypes.h
configure:5426: gcc -c -g -O2 -Wall   conftest.c >&5
configure:5432: $? = 0
configure:5435: test -z 			 || test ! -s conftest.err
configure:5438: $? = 0
configure:5441: test -s conftest.o
configure:5444: $? = 0
configure:5455: result: yes
configure:5410: checking for stdint.h
configure:5426: gcc -c -g -O2 -Wall   conftest.c >&5
configure:5432: $? = 0
configure:5435: test -z 			 || test ! -s conftest.err
configure:5438: $? = 0
configure:5441: test -s conftest.o
configure:5444: $? = 0
configure:5455: result: yes
configure:5410: checking for unistd.h
configure:5426: gcc -c -g -O2 -Wall   conftest.c >&5
configure:5432: $? = 0
configure:5435: test -z 			 || test ! -s conftest.err
configure:5438: $? = 0
configure:5441: test -s conftest.o
configure:5444: $? = 0
configure:5455: result: yes
configure:5481: checking dlfcn.h usability
configure:5493: gcc -c -g -O2 -Wall   conftest.c >&5
configure:5499: $? = 0
configure:5502: test -z 			 || test ! -s conftest.err
configure:5505: $? = 0
configure:5508: test -s conftest.o
configure:5511: $? = 0
configure:5521: result: yes
configure:5525: checking dlfcn.h presence
configure:5535: gcc -E  conftest.c
configure:5541: $? = 0
configure:5561: result: yes
configure:5596: checking for dlfcn.h
configure:5603: result: yes
configure:5668: checking for g++
configure:5684: found /usr/bin/g++
configure:5694: result: g++
configure:5710: checking for C++ compiler version
configure:5713: g++ --version </dev/null >&5
g++ (GCC) 3.3.3 20040412 (Red Hat Linux 3.3.3-7)
Copyright (C) 2003 Free Software Foundation, Inc.
This is free software; see the source for copying conditions.  There is NO
warranty; not even for MERCHANTABILITY or FITNESS FOR A PARTICULAR PURPOSE.

configure:5716: $? = 0
configure:5718: g++ -v </dev/null >&5
Reading specs from /usr/lib/gcc-lib/i386-redhat-linux/3.3.3/specs
Configured with: ../configure --prefix=/usr --mandir=/usr/share/man --infodir=/usr/share/info --enable-shared --enable-threads=posix --disable-checking --disable-libunwind-exceptions --with-system-zlib --enable-__cxa_atexit --host=i386-redhat-linux
Thread model: posix
gcc version 3.3.3 20040412 (Red Hat Linux 3.3.3-7)
configure:5721: $? = 0
configure:5723: g++ -V </dev/null >&5
g++: `-V' option must have argument
configure:5726: $? = 1
configure:5729: checking whether we are using the GNU C++ compiler
configure:5753: g++ -c   conftest.cc >&5
configure:5759: $? = 0
configure:5762: test -z 			 || test ! -s conftest.err
configure:5765: $? = 0
configure:5768: test -s conftest.o
configure:5771: $? = 0
configure:5784: result: yes
configure:5790: checking whether g++ accepts -g
configure:5811: g++ -c -g  conftest.cc >&5
configure:5817: $? = 0
configure:5820: test -z 			 || test ! -s conftest.err
configure:5823: $? = 0
configure:5826: test -s conftest.o
configure:5829: $? = 0
configure:5840: result: yes
configure:5882: g++ -c -g -O2  conftest.cc >&5
configure:5888: $? = 0
configure:5891: test -z 			 || test ! -s conftest.err
configure:5894: $? = 0
configure:5897: test -s conftest.o
configure:5900: $? = 0
configure:5926: g++ -c -g -O2  conftest.cc >&5
conftest.cc: In function `int main()':
conftest.cc:26: error: `exit' undeclared (first use this function)
conftest.cc:26: error: (Each undeclared identifier is reported only once for 
   each function it appears in.)
configure:5932: $? = 1
configure: failed program was:
| /* confdefs.h.  */
| 
| #define PACKAGE_NAME "ng-spice-rework"
| #define PACKAGE_TARNAME "ng-spice-rework"
| #define PACKAGE_VERSION "17"
| #define PACKAGE_STRING "ng-spice-rework 17"
| #define PACKAGE_BUGREPORT "ngspice-bugs@lists.sourceforge.net"
| #define PACKAGE "ng-spice-rework"
| #define VERSION "17"
| #define STDC_HEADERS 1
| #define HAVE_SYS_TYPES_H 1
| #define HAVE_SYS_STAT_H 1
| #define HAVE_STDLIB_H 1
| #define HAVE_STRING_H 1
| #define HAVE_MEMORY_H 1
| #define HAVE_STRINGS_H 1
| #define HAVE_INTTYPES_H 1
| #define HAVE_STDINT_H 1
| #define HAVE_UNISTD_H 1
| #define HAVE_DLFCN_H 1
| /* end confdefs.h.  */
| 
| int
| main ()
| {
| exit (42);
|   ;
|   return 0;
| }
configure:5882: g++ -c -g -O2  conftest.cc >&5
configure:5888: $? = 0
configure:5891: test -z 			 || test ! -s conftest.err
configure:5894: $? = 0
configure:5897: test -s conftest.o
configure:5900: $? = 0
configure:5926: g++ -c -g -O2  conftest.cc >&5
configure:5932: $? = 0
configure:5935: test -z 			 || test ! -s conftest.err
configure:5938: $? = 0
configure:5941: test -s conftest.o
configure:5944: $? = 0
configure:5969: checking dependency style of g++
configure:6059: result: gcc3
configure:6081: checking how to run the C++ preprocessor
configure:6112: g++ -E  conftest.cc
configure:6118: $? = 0
configure:6150: g++ -E  conftest.cc
conftest.cc:25:28: ac_nonexistent.h: No such file or directory
configure:6156: $? = 1
configure: failed program was:
| /* confdefs.h.  */
| 
| #define PACKAGE_NAME "ng-spice-rework"
| #define PACKAGE_TARNAME "ng-spice-rework"
| #define PACKAGE_VERSION "17"
| #define PACKAGE_STRING "ng-spice-rework 17"
| #define PACKAGE_BUGREPORT "ngspice-bugs@lists.sourceforge.net"
| #define PACKAGE "ng-spice-rework"
| #define VERSION "17"
| #define STDC_HEADERS 1
| #define HAVE_SYS_TYPES_H 1
| #define HAVE_SYS_STAT_H 1
| #define HAVE_STDLIB_H 1
| #define HAVE_STRING_H 1
| #define HAVE_MEMORY_H 1
| #define HAVE_STRINGS_H 1
| #define HAVE_INTTYPES_H 1
| #define HAVE_STDINT_H 1
| #define HAVE_UNISTD_H 1
| #define HAVE_DLFCN_H 1
| #ifdef __cplusplus
| extern "C" void std::exit (int) throw (); using std::exit;
| #endif
| /* end confdefs.h.  */
| #include <ac_nonexistent.h>
configure:6195: result: g++ -E
configure:6219: g++ -E  conftest.cc
configure:6225: $? = 0
configure:6257: g++ -E  conftest.cc
conftest.cc:25:28: ac_nonexistent.h: No such file or directory
configure:6263: $? = 1
configure: failed program was:
| /* confdefs.h.  */
| 
| #define PACKAGE_NAME "ng-spice-rework"
| #define PACKAGE_TARNAME "ng-spice-rework"
| #define PACKAGE_VERSION "17"
| #define PACKAGE_STRING "ng-spice-rework 17"
| #define PACKAGE_BUGREPORT "ngspice-bugs@lists.sourceforge.net"
| #define PACKAGE "ng-spice-rework"
| #define VERSION "17"
| #define STDC_HEADERS 1
| #define HAVE_SYS_TYPES_H 1
| #define HAVE_SYS_STAT_H 1
| #define HAVE_STDLIB_H 1
| #define HAVE_STRING_H 1
| #define HAVE_MEMORY_H 1
| #define HAVE_STRINGS_H 1
| #define HAVE_INTTYPES_H 1
| #define HAVE_STDINT_H 1
| #define HAVE_UNISTD_H 1
| #define HAVE_DLFCN_H 1
| #ifdef __cplusplus
| extern "C" void std::exit (int) throw (); using std::exit;
| #endif
| /* end confdefs.h.  */
| #include <ac_nonexistent.h>
configure:6358: checking for g77
configure:6374: found /usr/bin/g77
configure:6384: result: g77
configure:6402: checking for Fortran 77 compiler version
configure:6402: g77 --version </dev/null >&5
GNU Fortran (GCC) 3.3.3 20040412 (Red Hat Linux 3.3.3-7)
Copyright (C) 2002 Free Software Foundation, Inc.

GNU Fortran comes with NO WARRANTY, to the extent permitted by law.
You may redistribute copies of GNU Fortran
under the terms of the GNU General Public License.
For more information about these matters, see the file named COPYING
or type the command `info -f g77 Copying'.
configure:6405: $? = 0
configure:6407: g77 -v </dev/null >&5
Reading specs from /usr/lib/gcc-lib/i386-redhat-linux/3.3.3/specs
Configured with: ../configure --prefix=/usr --mandir=/usr/share/man --infodir=/usr/share/info --enable-shared --enable-threads=posix --disable-checking --disable-libunwind-exceptions --with-system-zlib --enable-__cxa_atexit --host=i386-redhat-linux
Thread model: posix
gcc version 3.3.3 20040412 (Red Hat Linux 3.3.3-7)
configure:6410: $? = 0
configure:6412: g77 -V </dev/null >&5
g77: `-V' option must have argument
configure:6415: $? = 1
configure:6423: checking whether we are using the GNU Fortran 77 compiler
configure:6437: g77 -c  conftest.F >&5
configure:6443: $? = 0
configure:6446: test -z 			 || test ! -s conftest.err
configure:6449: $? = 0
configure:6452: test -s conftest.o
configure:6455: $? = 0
configure:6468: result: yes
configure:6474: checking whether g77 accepts -g
configure:6486: g77 -c -g conftest.f >&5
configure:6492: $? = 0
configure:6495: test -z 			 || test ! -s conftest.err
configure:6498: $? = 0
configure:6501: test -s conftest.o
configure:6504: $? = 0
configure:6516: result: yes
configure:6546: checking the maximum length of command line arguments
configure:6611: result: 32768
configure:6622: checking command to parse /usr/bin/nm -B output from gcc object
configure:6711: gcc -c -g -O2 -Wall   conftest.c >&5
configure:6714: $? = 0
configure:6718: /usr/bin/nm -B conftest.o \| sed -n -e 's/^.*[ 	]\([ABCDGIRSTW][ABCDGIRSTW]*\)[ 	][ 	]*\(\)\([_A-Za-z][_A-Za-z0-9]*\)$/\1 \2\3 \3/p' \> conftest.nm
configure:6721: $? = 0
configure:6773: gcc -o conftest -g -O2 -Wall    conftest.c conftstm.o >&5
configure:6776: $? = 0
configure:6814: result: ok
configure:6818: checking for objdir
configure:6833: result: .libs
configure:6923: checking for ar
configure:6939: found /usr/bin/ar
configure:6950: result: ar
configure:7003: checking for ranlib
configure:7019: found /usr/bin/ranlib
configure:7030: result: ranlib
configure:7083: checking for strip
configure:7099: found /usr/bin/strip
configure:7110: result: strip
configure:7372: checking if gcc static flag  works
configure:7395: result: yes
configure:7413: checking if gcc supports -fno-rtti -fno-exceptions
configure:7434: gcc -c -g -O2 -Wall   -fno-rtti -fno-exceptions conftest.c >&5
cc1: warning: "-fno-rtti" is valid for C++ but not for C/ObjC
configure:7438: $? = 0
configure:7446: result: no
configure:7461: checking for gcc option to produce PIC
configure:7638: result: -fPIC
configure:7646: checking if gcc PIC flag -fPIC works
configure:7667: gcc -c -g -O2 -Wall   -fPIC -DPIC conftest.c >&5
configure:7671: $? = 0
configure:7679: result: yes
configure:7703: checking if gcc supports -c -o file.o
configure:7727: gcc -c -g -O2 -Wall   -o out/conftest2.o conftest.c >&5
configure:7731: $? = 0
configure:7748: result: yes
configure:7774: checking whether the gcc linker (/usr/bin/ld) supports shared libraries
configure:8621: result: yes
configure:8647: checking whether -lc should be explicitly linked in
configure:8652: gcc -c -g -O2 -Wall   conftest.c >&5
configure:8655: $? = 0
configure:8669: gcc -shared conftest.o  -v -Wl,-soname -Wl,conftest -o conftest 2\>\&1 \| grep  -lc  \>/dev/null 2\>\&1
configure:8672: $? = 0
configure:8684: result: no
configure:8692: checking dynamic linker characteristics
configure:9244: result: GNU/Linux ld.so
configure:9248: checking how to hardcode library paths into programs
configure:9273: result: immediate
configure:9287: checking whether stripping libraries is possible
configure:9292: result: yes
configure:9417: checking for shl_load
configure:9474: gcc -o conftest -g -O2 -Wall    conftest.c  >&5
/tmp/cc4toP5A.o(.text+0x11): In function `main':
/scratch/parserDev/conftest.c:65: undefined reference to `shl_load'
/tmp/cc4toP5A.o(.data+0x0):/scratch/parserDev/conftest.c:64: undefined reference to `shl_load'
collect2: ld returned 1 exit status
configure:9480: $? = 1
configure: failed program was:
| /* confdefs.h.  */
| 
| #define PACKAGE_NAME "ng-spice-rework"
| #define PACKAGE_TARNAME "ng-spice-rework"
| #define PACKAGE_VERSION "17"
| #define PACKAGE_STRING "ng-spice-rework 17"
| #define PACKAGE_BUGREPORT "ngspice-bugs@lists.sourceforge.net"
| #define PACKAGE "ng-spice-rework"
| #define VERSION "17"
| #define STDC_HEADERS 1
| #define HAVE_SYS_TYPES_H 1
| #define HAVE_SYS_STAT_H 1
| #define HAVE_STDLIB_H 1
| #define HAVE_STRING_H 1
| #define HAVE_MEMORY_H 1
| #define HAVE_STRINGS_H 1
| #define HAVE_INTTYPES_H 1
| #define HAVE_STDINT_H 1
| #define HAVE_UNISTD_H 1
| #define HAVE_DLFCN_H 1
| #ifdef __cplusplus
| extern "C" void std::exit (int) throw (); using std::exit;
| #endif
| /* end confdefs.h.  */
| /* Define shl_load to an innocuous variant, in case <limits.h> declares shl_load.
|    For example, HP-UX 11i <limits.h> declares gettimeofday.  */
| #define shl_load innocuous_shl_load
| 
| /* System header to define __stub macros and hopefully few prototypes,
|     which can conflict with char shl_load (); below.
|     Prefer <limits.h> to <assert.h> if __STDC__ is defined, since
|     <limits.h> exists even on freestanding compilers.  */
| 
| #ifdef __STDC__
| # include <limits.h>
| #else
| # include <assert.h>
| #endif
| 
| #undef shl_load
| 
| /* Override any gcc2 internal prototype to avoid an error.  */
| #ifdef __cplusplus
| extern "C"
| {
| #endif
| /* We use char because int might match the return type of a gcc2
|    builtin and then its argument prototype would still apply.  */
| char shl_load ();
| /* The GNU C library defines this for functions which it implements
|     to always fail with ENOSYS.  Some functions are actually named
|     something starting with __ and the normal name is an alias.  */
| #if defined (__stub_shl_load) || defined (__stub___shl_load)
| choke me
| #else
| char (*f) () = shl_load;
| #endif
| #ifdef __cplusplus
| }
| #endif
| 
| int
| main ()
| {
| return f != shl_load;
|   ;
|   return 0;
| }
configure:9504: result: no
configure:9509: checking for shl_load in -ldld
configure:9539: gcc -o conftest -g -O2 -Wall    conftest.c -ldld   >&5
/usr/bin/ld: cannot find -ldld
collect2: ld returned 1 exit status
configure:9545: $? = 1
configure: failed program was:
| /* confdefs.h.  */
| 
| #define PACKAGE_NAME "ng-spice-rework"
| #define PACKAGE_TARNAME "ng-spice-rework"
| #define PACKAGE_VERSION "17"
| #define PACKAGE_STRING "ng-spice-rework 17"
| #define PACKAGE_BUGREPORT "ngspice-bugs@lists.sourceforge.net"
| #define PACKAGE "ng-spice-rework"
| #define VERSION "17"
| #define STDC_HEADERS 1
| #define HAVE_SYS_TYPES_H 1
| #define HAVE_SYS_STAT_H 1
| #define HAVE_STDLIB_H 1
| #define HAVE_STRING_H 1
| #define HAVE_MEMORY_H 1
| #define HAVE_STRINGS_H 1
| #define HAVE_INTTYPES_H 1
| #define HAVE_STDINT_H 1
| #define HAVE_UNISTD_H 1
| #define HAVE_DLFCN_H 1
| #ifdef __cplusplus
| extern "C" void std::exit (int) throw (); using std::exit;
| #endif
| /* end confdefs.h.  */
| 
| /* Override any gcc2 internal prototype to avoid an error.  */
| #ifdef __cplusplus
| extern "C"
| #endif
| /* We use char because int might match the return type of a gcc2
|    builtin and then its argument prototype would still apply.  */
| char shl_load ();
| int
| main ()
| {
| shl_load ();
|   ;
|   return 0;
| }
configure:9570: result: no
configure:9575: checking for dlopen
configure:9632: gcc -o conftest -g -O2 -Wall    conftest.c  >&5
/tmp/cc05fxL4.o(.text+0x11): In function `main':
/scratch/parserDev/conftest.c:65: undefined reference to `dlopen'
/tmp/cc05fxL4.o(.data+0x0):/scratch/parserDev/conftest.c:64: undefined reference to `dlopen'
collect2: ld returned 1 exit status
configure:9638: $? = 1
configure: failed program was:
| /* confdefs.h.  */
| 
| #define PACKAGE_NAME "ng-spice-rework"
| #define PACKAGE_TARNAME "ng-spice-rework"
| #define PACKAGE_VERSION "17"
| #define PACKAGE_STRING "ng-spice-rework 17"
| #define PACKAGE_BUGREPORT "ngspice-bugs@lists.sourceforge.net"
| #define PACKAGE "ng-spice-rework"
| #define VERSION "17"
| #define STDC_HEADERS 1
| #define HAVE_SYS_TYPES_H 1
| #define HAVE_SYS_STAT_H 1
| #define HAVE_STDLIB_H 1
| #define HAVE_STRING_H 1
| #define HAVE_MEMORY_H 1
| #define HAVE_STRINGS_H 1
| #define HAVE_INTTYPES_H 1
| #define HAVE_STDINT_H 1
| #define HAVE_UNISTD_H 1
| #define HAVE_DLFCN_H 1
| #ifdef __cplusplus
| extern "C" void std::exit (int) throw (); using std::exit;
| #endif
| /* end confdefs.h.  */
| /* Define dlopen to an innocuous variant, in case <limits.h> declares dlopen.
|    For example, HP-UX 11i <limits.h> declares gettimeofday.  */
| #define dlopen innocuous_dlopen
| 
| /* System header to define __stub macros and hopefully few prototypes,
|     which can conflict with char dlopen (); below.
|     Prefer <limits.h> to <assert.h> if __STDC__ is defined, since
|     <limits.h> exists even on freestanding compilers.  */
| 
| #ifdef __STDC__
| # include <limits.h>
| #else
| # include <assert.h>
| #endif
| 
| #undef dlopen
| 
| /* Override any gcc2 internal prototype to avoid an error.  */
| #ifdef __cplusplus
| extern "C"
| {
| #endif
| /* We use char because int might match the return type of a gcc2
|    builtin and then its argument prototype would still apply.  */
| char dlopen ();
| /* The GNU C library defines this for functions which it implements
|     to always fail with ENOSYS.  Some functions are actually named
|     something starting with __ and the normal name is an alias.  */
| #if defined (__stub_dlopen) || defined (__stub___dlopen)
| choke me
| #else
| char (*f) () = dlopen;
| #endif
| #ifdef __cplusplus
| }
| #endif
| 
| int
| main ()
| {
| return f != dlopen;
|   ;
|   return 0;
| }
configure:9662: result: no
configure:9667: checking for dlopen in -ldl
configure:9697: gcc -o conftest -g -O2 -Wall    conftest.c -ldl   >&5
configure:9703: $? = 0
configure:9706: test -z 			 || test ! -s conftest.err
configure:9709: $? = 0
configure:9712: test -s conftest
configure:9715: $? = 0
configure:9728: result: yes
configure:9901: checking whether a program can dlopen itself
configure:9973: gcc -o conftest -g -O2 -Wall   -DHAVE_DLFCN_H  -Wl,--export-dynamic conftest.c -ldl  >&5
configure: In function `fnord':
configure:9959: warning: unused variable `i'
configure: In function `main':
configure:9972: warning: implicit declaration of function `exit'
configure:9976: $? = 0
configure:9994: result: yes
configure:9999: checking whether a statically linked program can dlopen itself
configure:10071: gcc -o conftest -g -O2 -Wall   -DHAVE_DLFCN_H  -Wl,--export-dynamic  conftest.c -ldl  >&5
configure: In function `fnord':
configure:10057: warning: unused variable `i'
configure: In function `main':
configure:10070: warning: implicit declaration of function `exit'
configure:10074: $? = 0
configure:10092: result: yes
configure:10115: checking if libtool supports shared libraries
configure:10117: result: yes
configure:10120: checking whether to build shared libraries
configure:10178: result: yes
configure:10181: checking whether to build static libraries
configure:10185: result: yes
configure:20241: checking whether windows code is enabled
configure:20258: result: no
configure:20286: checking for X
configure:20520: result: libraries /usr/X11R6/lib, headers /usr/X11R6/include
configure:20931: gcc -o conftest -g -O2 -Wall    conftest.c   -L/usr/X11R6/lib -lX11 >&5
configure:20937: $? = 0
configure:20940: test -z 			 || test ! -s conftest.err
configure:20943: $? = 0
configure:20946: test -s conftest
configure:20949: $? = 0
configure:21105: checking for gethostbyname
configure:21162: gcc -o conftest -g -O2 -Wall    conftest.c  >&5
configure:21168: $? = 0
configure:21171: test -z 			 || test ! -s conftest.err
configure:21174: $? = 0
configure:21177: test -s conftest
configure:21180: $? = 0
configure:21192: result: yes
configure:21341: checking for connect
configure:21398: gcc -o conftest -g -O2 -Wall    conftest.c  >&5
configure:21404: $? = 0
configure:21407: test -z 			 || test ! -s conftest.err
configure:21410: $? = 0
configure:21413: test -s conftest
configure:21416: $? = 0
configure:21428: result: yes
configure:21502: checking for remove
configure:21559: gcc -o conftest -g -O2 -Wall    conftest.c  >&5
configure:21565: $? = 0
configure:21568: test -z 			 || test ! -s conftest.err
configure:21571: $? = 0
configure:21574: test -s conftest
configure:21577: $? = 0
configure:21589: result: yes
configure:21663: checking for shmat
configure:21720: gcc -o conftest -g -O2 -Wall    conftest.c  >&5
configure:21726: $? = 0
configure:21729: test -z 			 || test ! -s conftest.err
configure:21732: $? = 0
configure:21735: test -s conftest
configure:21738: $? = 0
configure:21750: result: yes
configure:21833: checking for IceConnectionNumber in -lICE
configure:21863: gcc -o conftest -g -O2 -Wall    -L/usr/X11R6/lib conftest.c -lICE   >&5
configure:21869: $? = 0
configure:21872: test -z 			 || test ! -s conftest.err
configure:21875: $? = 0
configure:21878: test -s conftest
configure:21881: $? = 0
configure:21894: result: yes
configure:21908: checking for main in -lXaw
configure:21932: gcc -o conftest -g -O2 -Wall    conftest.c -lXaw  -L/usr/X11R6/lib    >&5
configure:21938: $? = 0
configure:21941: test -z 			 || test ! -s conftest.err
configure:21944: $? = 0
configure:21947: test -s conftest
configure:21950: $? = 0
configure:21963: result: yes
configure:21973: checking for main in -lXmu
configure:21997: gcc -o conftest -g -O2 -Wall    conftest.c -lXmu  -L/usr/X11R6/lib -lXaw   >&5
configure:22003: $? = 0
configure:22006: test -z 			 || test ! -s conftest.err
configure:22009: $? = 0
configure:22012: test -s conftest
configure:22015: $? = 0
configure:22028: result: yes
configure:22039: checking for XShmAttach in -lXext
configure:22069: gcc -o conftest -g -O2 -Wall    conftest.c -lXext  -L/usr/X11R6/lib -lXaw -lXmu -lXt   >&5
configure:22075: $? = 0
configure:22078: test -z 			 || test ! -s conftest.err
configure:22081: $? = 0
configure:22084: test -s conftest
configure:22087: $? = 0
configure:22100: result: yes
configure:22120: checking for bison
configure:22136: found /usr/bin/bison
configure:22146: result: bison -y
configure:22161: checking for flex
configure:22177: found /usr/bin/flex
configure:22187: result: flex
configure:22200: checking for yywrap in -lfl
configure:22230: gcc -o conftest -g -O2 -Wall    conftest.c -lfl   >&5
configure:22236: $? = 0
configure:22239: test -z 			 || test ! -s conftest.err
configure:22242: $? = 0
configure:22245: test -s conftest
configure:22248: $? = 0
configure:22261: result: yes
configure:22338: checking lex output file root
configure:22349: flex conftest.l
configure:22352: $? = 0
configure:22364: result: lex.yy
configure:22369: checking whether yytext is a pointer
configure:22385: gcc -o conftest -g -O2 -Wall    conftest.c  -lfl >&5
lex.yy.c:948: warning: `yyunput' defined but not used
configure:22391: $? = 0
configure:22394: test -z 			 || test ! -s conftest.err
configure:22397: $? = 0
configure:22400: test -s conftest
configure:22403: $? = 0
configure:22417: result: yes
configure:22433: checking for pid_t
configure:22457: gcc -c -g -O2 -Wall   conftest.c >&5
configure:22463: $? = 0
configure:22466: test -z 			 || test ! -s conftest.err
configure:22469: $? = 0
configure:22472: test -s conftest.o
configure:22475: $? = 0
configure:22486: result: yes
configure:22498: checking return type of signal handlers
configure:22529: gcc -c -g -O2 -Wall   conftest.c >&5
conftest.c: In function `main':
conftest.c:40: warning: unused variable `i'
configure:22535: $? = 0
configure:22538: test -z 			 || test ! -s conftest.err
configure:22541: $? = 0
configure:22544: test -s conftest.o
configure:22547: $? = 0
configure:22558: result: void
configure:22576: checking for dirent.h that defines DIR
configure:22600: gcc -c -g -O2 -Wall   conftest.c >&5
configure:22606: $? = 0
configure:22609: test -z 			 || test ! -s conftest.err
configure:22612: $? = 0
configure:22615: test -s conftest.o
configure:22618: $? = 0
configure:22629: result: yes
configure:22642: checking for library containing opendir
configure:22672: gcc -o conftest -g -O2 -Wall    conftest.c  >&5
configure:22678: $? = 0
configure:22681: test -z 			 || test ! -s conftest.err
configure:22684: $? = 0
configure:22687: test -s conftest
configure:22690: $? = 0
configure:22759: result: none required
configure:22911: checking ctype.h usability
configure:22923: gcc -c -g -O2 -Wall   conftest.c >&5
configure:22929: $? = 0
configure:22932: test -z 			 || test ! -s conftest.err
configure:22935: $? = 0
configure:22938: test -s conftest.o
configure:22941: $? = 0
configure:22951: result: yes
configure:22955: checking ctype.h presence
configure:22965: gcc -E  conftest.c
configure:22971: $? = 0
configure:22991: result: yes
configure:23026: checking for ctype.h
configure:23033: result: yes
configure:22902: checking for unistd.h
configure:22907: result: yes
configure:22911: checking pwd.h usability
configure:22923: gcc -c -g -O2 -Wall   conftest.c >&5
configure:22929: $? = 0
configure:22932: test -z 			 || test ! -s conftest.err
configure:22935: $? = 0
configure:22938: test -s conftest.o
configure:22941: $? = 0
configure:22951: result: yes
configure:22955: checking pwd.h presence
configure:22965: gcc -E  conftest.c
configure:22971: $? = 0
configure:22991: result: yes
configure:23026: checking for pwd.h
configure:23033: result: yes
configure:22911: checking fcntl.h usability
configure:22923: gcc -c -g -O2 -Wall   conftest.c >&5
configure:22929: $? = 0
configure:22932: test -z 			 || test ! -s conftest.err
configure:22935: $? = 0
configure:22938: test -s conftest.o
configure:22941: $? = 0
configure:22951: result: yes
configure:22955: checking fcntl.h presence
configure:22965: gcc -E  conftest.c
configure:22971: $? = 0
configure:22991: result: yes
configure:23026: checking for fcntl.h
configure:23033: result: yes
configure:22902: checking for string.h
configure:22907: result: yes
configure:23046: checking for sys/wait.h that is POSIX.1 compatible
configure:23077: gcc -c -g -O2 -Wall   conftest.c >&5
configure:23083: $? = 0
configure:23086: test -z 			 || test ! -s conftest.err
configure:23089: $? = 0
configure:23092: test -s conftest.o
configure:23095: $? = 0
configure:23106: result: yes
configure:23116: checking whether stat file-mode macros are broken
configure:23164: result: no
configure:23175: checking whether time.h and sys/time.h may both be included
configure:23200: gcc -c -g -O2 -Wall   conftest.c >&5
configure:23206: $? = 0
configure:23209: test -z 			 || test ! -s conftest.err
configure:23212: $? = 0
configure:23215: test -s conftest.o
configure:23218: $? = 0
configure:23229: result: yes
configure:23239: checking whether struct tm is in sys/time.h or time.h
configure:23262: gcc -c -g -O2 -Wall   conftest.c >&5
conftest.c: In function `main':
conftest.c:41: warning: statement with no effect
configure:23268: $? = 0
configure:23271: test -z 			 || test ! -s conftest.err
configure:23274: $? = 0
configure:23277: test -s conftest.o
configure:23280: $? = 0
configure:23291: result: time.h
configure:23301: checking for struct tm.tm_zone
configure:23327: gcc -c -g -O2 -Wall   conftest.c >&5
configure:23333: $? = 0
configure:23336: test -z 			 || test ! -s conftest.err
configure:23339: $? = 0
configure:23342: test -s conftest.o
configure:23345: $? = 0
configure:23404: result: yes
configure:23492: checking for localtime
configure:23549: gcc -o conftest -g -O2 -Wall    conftest.c  >&5
configure:23555: $? = 0
configure:23558: test -z 			 || test ! -s conftest.err
configure:23561: $? = 0
configure:23564: test -s conftest
configure:23567: $? = 0
configure:23579: result: yes
configure:23705: checking for gettimeofday
configure:23762: gcc -o conftest -g -O2 -Wall    conftest.c  >&5
configure:23768: $? = 0
configure:23771: test -z 			 || test ! -s conftest.err
configure:23774: $? = 0
configure:23777: test -s conftest
configure:23780: $? = 0
configure:23792: result: yes
configure:23807: checking for getrusage
configure:23864: gcc -o conftest -g -O2 -Wall    conftest.c  >&5
configure:23870: $? = 0
configure:23873: test -z 			 || test ! -s conftest.err
configure:23876: $? = 0
configure:23879: test -s conftest
configure:23882: $? = 0
configure:23894: result: yes
configure:23909: checking for getrlimit
configure:23966: gcc -o conftest -g -O2 -Wall    conftest.c  >&5
configure:23972: $? = 0
configure:23975: test -z 			 || test ! -s conftest.err
configure:23978: $? = 0
configure:23981: test -s conftest
configure:23984: $? = 0
configure:23996: result: yes
configure:24024: checking termios.h usability
configure:24036: gcc -c -g -O2 -Wall   conftest.c >&5
configure:24042: $? = 0
configure:24045: test -z 			 || test ! -s conftest.err
configure:24048: $? = 0
configure:24051: test -s conftest.o
configure:24054: $? = 0
configure:24064: result: yes
configure:24068: checking termios.h presence
configure:24078: gcc -E  conftest.c
configure:24084: $? = 0
configure:24104: result: yes
configure:24139: checking for termios.h
configure:24146: result: yes
configure:24165: checking for isatty
configure:24222: gcc -o conftest -g -O2 -Wall    conftest.c  >&5
configure:24228: $? = 0
configure:24231: test -z 			 || test ! -s conftest.err
configure:24234: $? = 0
configure:24237: test -s conftest
configure:24240: $? = 0
configure:24252: result: yes
configure:24165: checking for tcgetattr
configure:24222: gcc -o conftest -g -O2 -Wall    conftest.c  >&5
configure:24228: $? = 0
configure:24231: test -z 			 || test ! -s conftest.err
configure:24234: $? = 0
configure:24237: test -s conftest
configure:24240: $? = 0
configure:24252: result: yes
configure:24165: checking for tcsetattr
configure:24222: gcc -o conftest -g -O2 -Wall    conftest.c  >&5
configure:24228: $? = 0
configure:24231: test -z 			 || test ! -s conftest.err
configure:24234: $? = 0
configure:24237: test -s conftest
configure:24240: $? = 0
configure:24252: result: yes
configure:24269: checking for unistd.h
configure:24274: result: yes
configure:24278: checking vfork.h usability
configure:24290: gcc -c -g -O2 -Wall   conftest.c >&5
conftest.c:80:19: vfork.h: No such file or directory
configure:24296: $? = 1
configure: failed program was:
| /* confdefs.h.  */
| 
| #define PACKAGE_NAME "ng-spice-rework"
| #define PACKAGE_TARNAME "ng-spice-rework"
| #define PACKAGE_VERSION "17"
| #define PACKAGE_STRING "ng-spice-rework 17"
| #define PACKAGE_BUGREPORT "ngspice-bugs@lists.sourceforge.net"
| #define PACKAGE "ng-spice-rework"
| #define VERSION "17"
| #define STDC_HEADERS 1
| #define HAVE_SYS_TYPES_H 1
| #define HAVE_SYS_STAT_H 1
| #define HAVE_STDLIB_H 1
| #define HAVE_STRING_H 1
| #define HAVE_MEMORY_H 1
| #define HAVE_STRINGS_H 1
| #define HAVE_INTTYPES_H 1
| #define HAVE_STDINT_H 1
| #define HAVE_UNISTD_H 1
| #define HAVE_DLFCN_H 1
| #ifdef __cplusplus
| extern "C" void std::exit (int) throw (); using std::exit;
| #endif
| #define YYTEXT_POINTER 1
| #define RETSIGTYPE void
| #define HAVE_DIRENT_H 1
| #define HAVE_CTYPE_H 1
| #define HAVE_UNISTD_H 1
| #define HAVE_PWD_H 1
| #define HAVE_FCNTL_H 1
| #define HAVE_STRING_H 1
| #define HAVE_SYS_WAIT_H 1
| #define TIME_WITH_SYS_TIME 1
| #define HAVE_STRUCT_TM_TM_ZONE 1
| #define HAVE_TM_ZONE 1
| #define HAVE_LOCALTIME 1
| #define HAVE_GETTIMEOFDAY 1
| #define HAVE_GETRUSAGE 1
| #define HAVE_GETRLIMIT 1
| #define HAVE_TERMIOS_H 1
| #define HAVE_ISATTY 1
| #define HAVE_TCGETATTR 1
| #define HAVE_TCSETATTR 1
| #define HAVE_UNISTD_H 1
| /* end confdefs.h.  */
| #include <stdio.h>
| #if HAVE_SYS_TYPES_H
| # include <sys/types.h>
| #endif
| #if HAVE_SYS_STAT_H
| # include <sys/stat.h>
| #endif
| #if STDC_HEADERS
| # include <stdlib.h>
| # include <stddef.h>
| #else
| # if HAVE_STDLIB_H
| #  include <stdlib.h>
| # endif
| #endif
| #if HAVE_STRING_H
| # if !STDC_HEADERS && HAVE_MEMORY_H
| #  include <memory.h>
| # endif
| # include <string.h>
| #endif
| #if HAVE_STRINGS_H
| # include <strings.h>
| #endif
| #if HAVE_INTTYPES_H
| # include <inttypes.h>
| #else
| # if HAVE_STDINT_H
| #  include <stdint.h>
| # endif
| #endif
| #if HAVE_UNISTD_H
| # include <unistd.h>
| #endif
| #include <vfork.h>
configure:24318: result: no
configure:24322: checking vfork.h presence
configure:24332: gcc -E  conftest.c
conftest.c:46:19: vfork.h: No such file or directory
configure:24338: $? = 1
configure: failed program was:
| /* confdefs.h.  */
| 
| #define PACKAGE_NAME "ng-spice-rework"
| #define PACKAGE_TARNAME "ng-spice-rework"
| #define PACKAGE_VERSION "17"
| #define PACKAGE_STRING "ng-spice-rework 17"
| #define PACKAGE_BUGREPORT "ngspice-bugs@lists.sourceforge.net"
| #define PACKAGE "ng-spice-rework"
| #define VERSION "17"
| #define STDC_HEADERS 1
| #define HAVE_SYS_TYPES_H 1
| #define HAVE_SYS_STAT_H 1
| #define HAVE_STDLIB_H 1
| #define HAVE_STRING_H 1
| #define HAVE_MEMORY_H 1
| #define HAVE_STRINGS_H 1
| #define HAVE_INTTYPES_H 1
| #define HAVE_STDINT_H 1
| #define HAVE_UNISTD_H 1
| #define HAVE_DLFCN_H 1
| #ifdef __cplusplus
| extern "C" void std::exit (int) throw (); using std::exit;
| #endif
| #define YYTEXT_POINTER 1
| #define RETSIGTYPE void
| #define HAVE_DIRENT_H 1
| #define HAVE_CTYPE_H 1
| #define HAVE_UNISTD_H 1
| #define HAVE_PWD_H 1
| #define HAVE_FCNTL_H 1
| #define HAVE_STRING_H 1
| #define HAVE_SYS_WAIT_H 1
| #define TIME_WITH_SYS_TIME 1
| #define HAVE_STRUCT_TM_TM_ZONE 1
| #define HAVE_TM_ZONE 1
| #define HAVE_LOCALTIME 1
| #define HAVE_GETTIMEOFDAY 1
| #define HAVE_GETRUSAGE 1
| #define HAVE_GETRLIMIT 1
| #define HAVE_TERMIOS_H 1
| #define HAVE_ISATTY 1
| #define HAVE_TCGETATTR 1
| #define HAVE_TCSETATTR 1
| #define HAVE_UNISTD_H 1
| /* end confdefs.h.  */
| #include <vfork.h>
configure:24358: result: no
configure:24393: checking for vfork.h
configure:24400: result: no
configure:24418: checking for fork
configure:24475: gcc -o conftest -g -O2 -Wall    conftest.c  >&5
configure:24481: $? = 0
configure:24484: test -z 			 || test ! -s conftest.err
configure:24487: $? = 0
configure:24490: test -s conftest
configure:24493: $? = 0
configure:24505: result: yes
configure:24418: checking for vfork
configure:24475: gcc -o conftest -g -O2 -Wall    conftest.c  >&5
configure:24481: $? = 0
configure:24484: test -z 			 || test ! -s conftest.err
configure:24487: $? = 0
configure:24490: test -s conftest
configure:24493: $? = 0
configure:24505: result: yes
configure:24516: checking for working fork
configure:24539: gcc -o conftest -g -O2 -Wall    conftest.c  >&5
conftest.c: In function `main':
conftest.c:9: warning: implicit declaration of function `fork'
conftest.c:10: warning: implicit declaration of function `exit'
configure:24542: $? = 0
configure:24544: ./conftest
configure:24547: $? = 0
configure:24561: result: yes
configure:24582: checking for working vfork
configure:24715: result: yes
configure:24754: checking for access
configure:24811: gcc -o conftest -g -O2 -Wall    conftest.c  >&5
configure:24817: $? = 0
configure:24820: test -z 			 || test ! -s conftest.err
configure:24823: $? = 0
configure:24826: test -s conftest
configure:24829: $? = 0
configure:24841: result: yes
configure:24754: checking for bcopy
configure:24811: gcc -o conftest -g -O2 -Wall    conftest.c  >&5
conftest.c:75: warning: conflicting types for built-in function `bcopy'
configure:24817: $? = 0
configure:24820: test -z 			 || test ! -s conftest.err
configure:24823: $? = 0
configure:24826: test -s conftest
configure:24829: $? = 0
configure:24841: result: yes
configure:24754: checking for qsort
configure:24811: gcc -o conftest -g -O2 -Wall    conftest.c  >&5
configure:24817: $? = 0
configure:24820: test -z 			 || test ! -s conftest.err
configure:24823: $? = 0
configure:24826: test -s conftest
configure:24829: $? = 0
configure:24841: result: yes
configure:24754: checking for dup2
configure:24811: gcc -o conftest -g -O2 -Wall    conftest.c  >&5
configure:24817: $? = 0
configure:24820: test -z 			 || test ! -s conftest.err
configure:24823: $? = 0
configure:24826: test -s conftest
configure:24829: $? = 0
configure:24841: result: yes
configure:24754: checking for popen
configure:24811: gcc -o conftest -g -O2 -Wall    conftest.c  >&5
configure:24817: $? = 0
configure:24820: test -z 			 || test ! -s conftest.err
configure:24823: $? = 0
configure:24826: test -s conftest
configure:24829: $? = 0
configure:24841: result: yes
configure:24856: checking for strchr
configure:24913: gcc -o conftest -g -O2 -Wall    conftest.c  >&5
conftest.c:79: warning: conflicting types for built-in function `strchr'
configure:24919: $? = 0
configure:24922: test -z 			 || test ! -s conftest.err
configure:24925: $? = 0
configure:24928: test -s conftest
configure:24931: $? = 0
configure:24943: result: yes
configure:24958: checking for getcwd
configure:25015: gcc -o conftest -g -O2 -Wall    conftest.c  >&5
configure:25021: $? = 0
configure:25024: test -z 			 || test ! -s conftest.err
configure:25027: $? = 0
configure:25030: test -s conftest
configure:25033: $? = 0
configure:25045: result: yes
configure:25057: result: Checking mathematical features of the system:
configure:25060: checking for sqrt in -lm
configure:25090: gcc -o conftest -g -O2 -Wall    conftest.c -lm   >&5
conftest.c:64: warning: conflicting types for built-in function `sqrt'
configure:25096: $? = 0
configure:25099: test -z 			 || test ! -s conftest.err
configure:25102: $? = 0
configure:25105: test -s conftest
configure:25108: $? = 0
configure:25121: result: yes
configure:25148: checking float.h usability
configure:25160: gcc -c -g -O2 -Wall   conftest.c >&5
configure:25166: $? = 0
configure:25169: test -z 			 || test ! -s conftest.err
configure:25172: $? = 0
configure:25175: test -s conftest.o
configure:25178: $? = 0
configure:25188: result: yes
configure:25192: checking float.h presence
configure:25202: gcc -E  conftest.c
configure:25208: $? = 0
configure:25228: result: yes
configure:25263: checking for float.h
configure:25270: result: yes
configure:25148: checking limits.h usability
configure:25160: gcc -c -g -O2 -Wall   conftest.c >&5
configure:25166: $? = 0
configure:25169: test -z 			 || test ! -s conftest.err
configure:25172: $? = 0
configure:25175: test -s conftest.o
configure:25178: $? = 0
configure:25188: result: yes
configure:25192: checking limits.h presence
configure:25202: gcc -E  conftest.c
configure:25208: $? = 0
configure:25228: result: yes
configure:25263: checking for limits.h
configure:25270: result: yes
configure:25148: checking values.h usability
configure:25160: gcc -c -g -O2 -Wall   conftest.c >&5
configure:25166: $? = 0
configure:25169: test -z 			 || test ! -s conftest.err
configure:25172: $? = 0
configure:25175: test -s conftest.o
configure:25178: $? = 0
configure:25188: result: yes
configure:25192: checking values.h presence
configure:25202: gcc -E  conftest.c
configure:25208: $? = 0
configure:25228: result: yes
configure:25263: checking for values.h
configure:25270: result: yes
configure:25295: checking for erfc
configure:25352: gcc -o conftest -g -O2 -Wall    conftest.c -lm  >&5
configure:25358: $? = 0
configure:25361: test -z 			 || test ! -s conftest.err
configure:25364: $? = 0
configure:25367: test -s conftest
configure:25370: $? = 0
configure:25382: result: yes
configure:25295: checking for logb
configure:25352: gcc -o conftest -g -O2 -Wall    conftest.c -lm  >&5
configure:25358: $? = 0
configure:25361: test -z 			 || test ! -s conftest.err
configure:25364: $? = 0
configure:25367: test -s conftest
configure:25370: $? = 0
configure:25382: result: yes
configure:25295: checking for scalb
configure:25352: gcc -o conftest -g -O2 -Wall    conftest.c -lm  >&5
configure:25358: $? = 0
configure:25361: test -z 			 || test ! -s conftest.err
configure:25364: $? = 0
configure:25367: test -s conftest
configure:25370: $? = 0
configure:25382: result: yes
configure:25295: checking for scalbn
configure:25352: gcc -o conftest -g -O2 -Wall    conftest.c -lm  >&5
configure:25358: $? = 0
configure:25361: test -z 			 || test ! -s conftest.err
configure:25364: $? = 0
configure:25367: test -s conftest
configure:25370: $? = 0
configure:25382: result: yes
configure:25295: checking for asinh
configure:25352: gcc -o conftest -g -O2 -Wall    conftest.c -lm  >&5
configure:25358: $? = 0
configure:25361: test -z 			 || test ! -s conftest.err
configure:25364: $? = 0
configure:25367: test -s conftest
configure:25370: $? = 0
configure:25382: result: yes
configure:25295: checking for acosh
configure:25352: gcc -o conftest -g -O2 -Wall    conftest.c -lm  >&5
configure:25358: $? = 0
configure:25361: test -z 			 || test ! -s conftest.err
configure:25364: $? = 0
configure:25367: test -s conftest
configure:25370: $? = 0
configure:25382: result: yes
configure:25295: checking for atanh
configure:25352: gcc -o conftest -g -O2 -Wall    conftest.c -lm  >&5
configure:25358: $? = 0
configure:25361: test -z 			 || test ! -s conftest.err
configure:25364: $? = 0
configure:25367: test -s conftest
configure:25370: $? = 0
configure:25382: result: yes
configure:25295: checking for isnan
configure:25352: gcc -o conftest -g -O2 -Wall    conftest.c -lm  >&5
configure:25358: $? = 0
configure:25361: test -z 			 || test ! -s conftest.err
configure:25364: $? = 0
configure:25367: test -s conftest
configure:25370: $? = 0
configure:25382: result: yes
configure:25470: checking for sigsetjmp
configure:25488: gcc -o conftest -g -O2 -Wall    conftest.c -lm  >&5
configure:25494: $? = 0
configure:25497: test -z 			 || test ! -s conftest.err
configure:25500: $? = 0
configure:25503: test -s conftest
configure:25506: $? = 0
configure:25508: result: yes
configure:25529: checking for asprintf
configure:25586: gcc -o conftest -g -O2 -Wall    conftest.c -lm  >&5
configure:25592: $? = 0
configure:25595: test -z 			 || test ! -s conftest.err
configure:25598: $? = 0
configure:25601: test -s conftest
configure:25604: $? = 0
configure:25616: result: yes
configure:25698: checking for va_copy
configure:25721: gcc -o conftest -g -O2 -Wall    conftest.c -lm  >&5
configure:25727: $? = 0
configure:25730: test -z 			 || test ! -s conftest.err
configure:25733: $? = 0
configure:25736: test -s conftest
configure:25739: $? = 0
configure:25752: result: yes
configure:25762: checking for __va_copy
configure:25785: gcc -o conftest -g -O2 -Wall    conftest.c -lm  >&5
configure:25791: $? = 0
configure:25794: test -z 			 || test ! -s conftest.err
configure:25797: $? = 0
configure:25800: test -s conftest
configure:25803: $? = 0
configure:25816: result: yes
configure:25855: result: Settings which were chosen:
configure:26216: result: GNU readline disabled.
configure:26587: result: BSD editline disabled.
configure:27095: creating ./config.status

## ---------------------- ##
## Running config.status. ##
## ---------------------- ##

This file was extended by ng-spice-rework config.status 17, which was
generated by GNU Autoconf 2.59.  Invocation command line was

  CONFIG_FILES    = 
  CONFIG_HEADERS  = 
  CONFIG_LINKS    = 
  CONFIG_COMMANDS = 
  $ ./config.status 

on duparc

config.status:864: creating Makefile
config.status:864: creating src/Makefile
config.status:864: creating src/spinit
config.status:864: creating src/spicelib/Makefile
config.status:864: creating src/spicelib/analysis/Makefile
config.status:864: creating src/spicelib/devices/Makefile
config.status:864: creating src/spicelib/devices/asrc/Makefile
config.status:864: creating src/spicelib/devices/bjt/Makefile
config.status:864: creating src/spicelib/devices/bjt2/Makefile
config.status:864: creating src/spicelib/devices/bsim1/Makefile
config.status:864: creating src/spicelib/devices/bsim2/Makefile
config.status:864: creating src/spicelib/devices/bsim3v0/Makefile
config.status:864: creating src/spicelib/devices/bsim3v1/Makefile
config.status:864: creating src/spicelib/devices/bsim3v1a/Makefile
config.status:864: creating src/spicelib/devices/bsim3v1s/Makefile
config.status:864: creating src/spicelib/devices/bsim3/Makefile
config.status:864: creating src/spicelib/devices/bsim4/Makefile
config.status:864: creating src/spicelib/devices/bsim3soi/Makefile
config.status:864: creating src/spicelib/devices/bsim3soi_pd/Makefile
config.status:864: creating src/spicelib/devices/bsim3soi_fd/Makefile
config.status:864: creating src/spicelib/devices/bsim3soi_dd/Makefile
config.status:864: creating src/spicelib/devices/cap/Makefile
config.status:864: creating src/spicelib/devices/cccs/Makefile
config.status:864: creating src/spicelib/devices/ccvs/Makefile
config.status:864: creating src/spicelib/devices/csw/Makefile
config.status:864: creating src/spicelib/devices/cpl/Makefile
config.status:864: creating src/spicelib/devices/dio/Makefile
config.status:864: creating src/spicelib/devices/ind/Makefile
config.status:864: creating src/spicelib/devices/isrc/Makefile
config.status:864: creating src/spicelib/devices/hfet1/Makefile
config.status:864: creating src/spicelib/devices/hfet2/Makefile
config.status:864: creating src/spicelib/devices/hisim/Makefile
config.status:864: creating src/spicelib/devices/jfet/Makefile
config.status:864: creating src/spicelib/devices/jfet2/Makefile
config.status:864: creating src/spicelib/devices/ltra/Makefile
config.status:864: creating src/spicelib/devices/mes/Makefile
config.status:864: creating src/spicelib/devices/mesa/Makefile
config.status:864: creating src/spicelib/devices/mos1/Makefile
config.status:864: creating src/spicelib/devices/mos2/Makefile
config.status:864: creating src/spicelib/devices/mos3/Makefile
config.status:864: creating src/spicelib/devices/mos6/Makefile
config.status:864: creating src/spicelib/devices/mos9/Makefile
config.status:864: creating src/spicelib/devices/res/Makefile
config.status:864: creating src/spicelib/devices/soi3/Makefile
config.status:864: creating src/spicelib/devices/sw/Makefile
config.status:864: creating src/spicelib/devices/tra/Makefile
config.status:864: creating src/spicelib/devices/txl/Makefile
config.status:864: creating src/spicelib/devices/urc/Makefile
config.status:864: creating src/spicelib/devices/vbic/Makefile
config.status:864: creating src/spicelib/devices/vccs/Makefile
config.status:864: creating src/spicelib/devices/vcvs/Makefile
config.status:864: creating src/spicelib/devices/vsrc/Makefile
config.status:864: creating src/spicelib/devices/nbjt/Makefile
config.status:864: creating src/spicelib/devices/nbjt2/Makefile
config.status:864: creating src/spicelib/devices/numd/Makefile
config.status:864: creating src/spicelib/devices/numd2/Makefile
config.status:864: creating src/spicelib/devices/numos/Makefile
config.status:864: creating src/spicelib/parser/Makefile
config.status:864: creating src/frontend/Makefile
config.status:864: creating src/frontend/numparam/Makefile
config.status:864: creating src/frontend/help/Makefile
config.status:864: creating src/frontend/parser/Makefile
config.status:864: creating src/frontend/plotting/Makefile
config.status:864: creating src/frontend/wdisp/Makefile
config.status:864: creating src/include/Makefile
config.status:864: creating src/maths/Makefile
config.status:864: creating src/maths/cmaths/Makefile
config.status:864: creating src/maths/misc/Makefile
config.status:864: creating src/maths/ni/Makefile
config.status:864: creating src/maths/deriv/Makefile
config.status:864: creating src/maths/poly/Makefile
config.status:864: creating src/maths/sparse/Makefile
config.status:864: creating src/misc/Makefile
config.status:930: creating config.h
config.status:1338: executing depfiles commands

## ---------------- ##
## Cache variables. ##
## ---------------- ##

ac_cv_build=i686-pc-linux-gnu
ac_cv_build_alias=i686-pc-linux-gnu
ac_cv_c___va_copy=yes
ac_cv_c_compiler_gnu=yes
ac_cv_c_va_copy=yes
ac_cv_cxx_compiler_gnu=yes
ac_cv_env_CC_set=
ac_cv_env_CC_value=
ac_cv_env_CFLAGS_set=
ac_cv_env_CFLAGS_value=
ac_cv_env_CPPFLAGS_set=
ac_cv_env_CPPFLAGS_value=
ac_cv_env_CPP_set=
ac_cv_env_CPP_value=
ac_cv_env_CXXCPP_set=
ac_cv_env_CXXCPP_value=
ac_cv_env_CXXFLAGS_set=
ac_cv_env_CXXFLAGS_value=
ac_cv_env_CXX_set=
ac_cv_env_CXX_value=
ac_cv_env_F77_set=
ac_cv_env_F77_value=
ac_cv_env_FFLAGS_set=
ac_cv_env_FFLAGS_value=
ac_cv_env_LDFLAGS_set=
ac_cv_env_LDFLAGS_value=
ac_cv_env_build_alias_set=
ac_cv_env_build_alias_value=
ac_cv_env_host_alias_set=
ac_cv_env_host_alias_value=
ac_cv_env_target_alias_set=
ac_cv_env_target_alias_value=
ac_cv_exeext=
ac_cv_f77_compiler_gnu=yes
ac_cv_func_access=yes
ac_cv_func_acosh=yes
ac_cv_func_asinh=yes
ac_cv_func_asprintf=yes
ac_cv_func_atanh=yes
ac_cv_func_bcopy=yes
ac_cv_func_connect=yes
ac_cv_func_dlopen=no
ac_cv_func_dup2=yes
ac_cv_func_erfc=yes
ac_cv_func_fork=yes
ac_cv_func_fork_works=yes
ac_cv_func_getcwd=yes
ac_cv_func_gethostbyname=yes
ac_cv_func_getrlimit=yes
ac_cv_func_getrusage=yes
ac_cv_func_gettimeofday=yes
ac_cv_func_isatty=yes
ac_cv_func_isnan=yes
ac_cv_func_localtime=yes
ac_cv_func_logb=yes
ac_cv_func_popen=yes
ac_cv_func_qsort=yes
ac_cv_func_remove=yes
ac_cv_func_scalb=yes
ac_cv_func_scalbn=yes
ac_cv_func_shl_load=no
ac_cv_func_shmat=yes
ac_cv_func_strchr=yes
ac_cv_func_tcgetattr=yes
ac_cv_func_tcsetattr=yes
ac_cv_func_vfork=yes
ac_cv_func_vfork_works=yes
ac_cv_have_x='have_x=yes 		ac_x_includes=/usr/X11R6/include ac_x_libraries=/usr/X11R6/lib'
ac_cv_header_ctype_h=yes
ac_cv_header_dirent_dirent_h=yes
ac_cv_header_dlfcn_h=yes
ac_cv_header_fcntl_h=yes
ac_cv_header_float_h=yes
ac_cv_header_inttypes_h=yes
ac_cv_header_limits_h=yes
ac_cv_header_memory_h=yes
ac_cv_header_pwd_h=yes
ac_cv_header_stat_broken=no
ac_cv_header_stdc=yes
ac_cv_header_stdint_h=yes
ac_cv_header_stdlib_h=yes
ac_cv_header_string_h=yes
ac_cv_header_strings_h=yes
ac_cv_header_sys_stat_h=yes
ac_cv_header_sys_types_h=yes
ac_cv_header_sys_wait_h=yes
ac_cv_header_termios_h=yes
ac_cv_header_time=yes
ac_cv_header_unistd_h=yes
ac_cv_header_values_h=yes
ac_cv_header_vfork_h=no
ac_cv_host=i686-pc-linux-gnu
ac_cv_host_alias=i686-pc-linux-gnu
ac_cv_lib_ICE_IceConnectionNumber=yes
ac_cv_lib_Xaw_main=yes
ac_cv_lib_Xext_XShmAttach=yes
ac_cv_lib_Xmu_main=yes
ac_cv_lib_dl_dlopen=yes
ac_cv_lib_dld_shl_load=no
ac_cv_lib_fl_yywrap=yes
ac_cv_lib_m_sqrt=yes
ac_cv_member_struct_tm_tm_zone=yes
ac_cv_objext=o
ac_cv_path_install='/usr/bin/install -c'
ac_cv_prog_AWK=gawk
ac_cv_prog_CPP='gcc -E'
ac_cv_prog_CXXCPP='g++ -E'
ac_cv_prog_LEX=flex
ac_cv_prog_YACC='bison -y'
ac_cv_prog_ac_ct_AR=ar
ac_cv_prog_ac_ct_CC=gcc
ac_cv_prog_ac_ct_CXX=g++
ac_cv_prog_ac_ct_F77=g77
ac_cv_prog_ac_ct_RANLIB=ranlib
ac_cv_prog_ac_ct_STRIP=strip
ac_cv_prog_cc_g=yes
ac_cv_prog_cc_stdc=
ac_cv_prog_cxx_g=yes
ac_cv_prog_egrep='grep -E'
ac_cv_prog_f77_g=yes
ac_cv_prog_lex_root=lex.yy
ac_cv_prog_lex_yytext_pointer=yes
ac_cv_prog_make_make_set=yes
ac_cv_search_opendir='none required'
ac_cv_struct_tm=time.h
ac_cv_type_pid_t=yes
ac_cv_type_signal=void
am_cv_CC_dependencies_compiler_type=gcc3
am_cv_CXX_dependencies_compiler_type=gcc3
lt_cv_deplibs_check_method=pass_all
lt_cv_dlopen=dlopen
lt_cv_dlopen_libs=-ldl
lt_cv_dlopen_self=yes
lt_cv_dlopen_self_static=yes
lt_cv_file_magic_cmd='$MAGIC_CMD'
lt_cv_file_magic_test_file=
lt_cv_ld_reload_flag=-r
lt_cv_objdir=.libs
lt_cv_path_LD=/usr/bin/ld
lt_cv_path_NM='/usr/bin/nm -B'
lt_cv_path_SED=/bin/sed
lt_cv_prog_compiler_c_o=yes
lt_cv_prog_compiler_rtti_exceptions=no
lt_cv_prog_gnu_ld=yes
lt_cv_sys_global_symbol_pipe='sed -n -e '\''s/^.*[ 	]\([ABCDGIRSTW][ABCDGIRSTW]*\)[ 	][ 	]*\(\)\([_A-Za-z][_A-Za-z0-9]*\)$/\1 \2\3 \3/p'\'''
lt_cv_sys_global_symbol_to_c_name_address='sed -n -e '\''s/^: \([^ ]*\) $/  {\"\1\", (lt_ptr) 0},/p'\'' -e '\''s/^[BCDEGRST] \([^ ]*\) \([^ ]*\)$/  {"\2", (lt_ptr) \&\2},/p'\'''
lt_cv_sys_global_symbol_to_cdecl='sed -n -e '\''s/^. .* \(.*\)$/extern int \1;/p'\'''
lt_cv_sys_max_cmd_len=32768

## ----------------- ##
## Output variables. ##
## ----------------- ##

ACLOCAL='aclocal-1.9'
AMDEPBACKSLASH='\'
AMDEP_FALSE='#'
AMDEP_TRUE=''
AMTAR='tar'
AR='ar'
AUTOCONF='autoconf'
AUTOHEADER='autoheader'
AUTOMAKE='automake-1.9'
AWK='gawk'
CC='gcc'
CCDEPMODE='depmode=gcc3'
CFLAGS='-g -O2 -Wall '
CIDERDIR=''
CIDERMATH=''
CIDERMATHDIR=''
CIDERSCRIPTS=''
CIDERSIM=''
CPP='gcc -E'
CPPFLAGS=''
CXX='g++'
CXXCPP='g++ -E'
CXXDEPMODE='depmode=gcc3'
CXXFLAGS='-g -O2'
CYGPATH_W='echo'
DEFS='-DHAVE_CONFIG_H'
DEPDIR='.deps'
ECHO='echo'
ECHO_C=''
ECHO_N='-n'
ECHO_T=''
EGREP='grep -E'
EKVDIR=''
EKVLIB=''
EXEEXT=''
F77='g77'
FFLAGS='-g -O2'
INSTALL_DATA='${INSTALL} -m 644'
INSTALL_PROGRAM='${INSTALL}'
INSTALL_SCRIPT='${INSTALL}'
INSTALL_STRIP_PROGRAM='${SHELL} $(install_sh) -c -s'
LDFLAGS=''
LEX='flex'
LEXLIB='-lfl'
LEX_OUTPUT_ROOT='lex.yy'
LIBOBJS=''
LIBS='-lm '
LIBTOOL='$(SHELL) $(top_builddir)/libtool'
LN_S='ln -s'
LTLIBOBJS=''
MAINT='#'
MAINTAINER_MODE_FALSE=''
MAINTAINER_MODE_TRUE='#'
MAKEINFO='makeinfo'
NOTXGRAPH='xgraph'
NUMDEV=''
NUMDEVDIR=''
NUMPARAMDIR=''
NUMPARAMLIB=''
OBJEXT='o'
PACKAGE='ng-spice-rework'
PACKAGE_BUGREPORT='ngspice-bugs@lists.sourceforge.net'
PACKAGE_NAME='ng-spice-rework'
PACKAGE_STRING='ng-spice-rework 17'
PACKAGE_TARNAME='ng-spice-rework'
PACKAGE_VERSION='17'
PATH_SEPARATOR=':'
RANLIB='ranlib'
SET_MAKE=''
SHELL='/bin/sh'
STRIP='strip'
VERSION='17'
WINDISPLIB=''
WINDOWS_FALSE=''
WINDOWS_TRUE='#'
WINMAIN=''
XGRAPHDIR=''
XSPICEDIR=''
XSPICEINIT='*'
XSPICELIB1=''
XSPICELIB2=''
XSPICETESTS=''
X_CFLAGS=' -I/usr/X11R6/include'
X_EXTRA_LIBS=''
X_LIBS=' -L/usr/X11R6/lib -lXaw -lXmu -lXt -lXext -lX11'
X_PRE_LIBS=' -lSM -lICE'
YACC='bison -y'
ac_ct_AR='ar'
ac_ct_CC='gcc'
ac_ct_CXX='g++'
ac_ct_F77='g77'
ac_ct_RANLIB='ranlib'
ac_ct_STRIP='strip'
am__fastdepCC_FALSE='#'
am__fastdepCC_TRUE=''
am__fastdepCXX_FALSE='#'
am__fastdepCXX_TRUE=''
am__include='include'
am__leading_dot='.'
am__quote=''
am__tar='${AMTAR} chof - "$$tardir"'
am__untar='${AMTAR} xf -'
bindir='${exec_prefix}/bin'
build='i686-pc-linux-gnu'
build_alias=''
build_cpu='i686'
build_os='linux-gnu'
build_vendor='pc'
datadir='${prefix}/share'
exec_prefix='${prefix}'
host='i686-pc-linux-gnu'
host_alias=''
host_cpu='i686'
host_os='linux-gnu'
host_vendor='pc'
includedir='${prefix}/include'
infodir='${prefix}/info'
install_sh='/scratch/parserDev/install-sh'
libdir='${exec_prefix}/lib'
libexecdir='${exec_prefix}/libexec'
localstatedir='${prefix}/var'
mandir='${prefix}/man'
mkdir_p='mkdir -p --'
oldincludedir='/usr/include'
prefix='/scratch/installParser'
program_transform_name='s,x,x,'
sbindir='${exec_prefix}/sbin'
sharedstatedir='${prefix}/com'
subdirs=''
sysconfdir='${prefix}/etc'
target_alias=''

## ----------- ##
## confdefs.h. ##
## ----------- ##

#define HAVE_ACCESS 1
#define HAVE_ACOSH 1
#define HAVE_ASINH 1
#define HAVE_ASPRINTF 1
#define HAVE_ATANH 1
#define HAVE_BCOPY 1
#define HAVE_CTYPE_H 1
#define HAVE_DIRENT_H 1
#define HAVE_DLFCN_H 1
#define HAVE_DUP2 1
#define HAVE_ERFC 1
#define HAVE_FCNTL_H 1
#define HAVE_FLOAT_H 1
#define HAVE_FORK 1
#define HAVE_GETCWD 1
#define HAVE_GETRLIMIT 1
#define HAVE_GETRUSAGE 1
#define HAVE_GETTIMEOFDAY 1
#define HAVE_INTTYPES_H 1
#define HAVE_ISATTY 1
#define HAVE_ISNAN 1
#define HAVE_LIBM 1
#define HAVE_LIMITS_H 1
#define HAVE_LOCALTIME 1
#define HAVE_LOGB 1
#define HAVE_MEMORY_H 1
#define HAVE_POPEN 1
#define HAVE_PWD_H 1
#define HAVE_QSORT 1
#define HAVE_SCALB 1
#define HAVE_SCALBN 1
#define HAVE_SIGSETJMP
#define HAVE_STDINT_H 1
#define HAVE_STDLIB_H 1
#define HAVE_STRCHR 1
#define HAVE_STRINGS_H 1
#define HAVE_STRING_H 1
#define HAVE_STRING_H 1
#define HAVE_STRUCT_TM_TM_ZONE 1
#define HAVE_SYS_STAT_H 1
#define HAVE_SYS_TYPES_H 1
#define HAVE_SYS_WAIT_H 1
#define HAVE_TCGETATTR 1
#define HAVE_TCSETATTR 1
#define HAVE_TERMIOS_H 1
#define HAVE_TM_ZONE 1
#define HAVE_UNISTD_H 1
#define HAVE_UNISTD_H 1
#define HAVE_UNISTD_H 1
#define HAVE_VALUES_H 1
#define HAVE_VA_COPY 1
#define HAVE_VFORK 1
#define HAVE_WORKING_FORK 1
#define HAVE_WORKING_VFORK 1
#define HAVE___VA_COPY 1
#define NGSPICEBINDIR "/scratch/installParser/bin"
#define NGSPICEBUILDDATE "Mon Oct  8 12:01:36 CEST 2007"
#define NGSPICEDATADIR "/scratch/installParser/share/ng-spice-rework"
#define PACKAGE "ng-spice-rework"
#define PACKAGE_BUGREPORT "ngspice-bugs@lists.sourceforge.net"
#define PACKAGE_NAME "ng-spice-rework"
#define PACKAGE_STRING "ng-spice-rework 17"
#define PACKAGE_TARNAME "ng-spice-rework"
#define PACKAGE_VERSION "17"
#define RETSIGTYPE void
#define STDC_HEADERS 1
#define TIME_WITH_SYS_TIME 1
#define VERSION "17"
#define YYTEXT_POINTER 1
#endif
#ifdef __cplusplus
extern "C" void std::exit (int) throw (); using std::exit;

configure: exit 0
